0 info it worked if it ends with ok
1 verbose cli [ 'C:\\Program Files\\nodejs\\node.exe',
1 verbose cli   'C:\\Program Files\\nodejs\\node_modules\\npm\\bin\\npm-cli.js',
1 verbose cli   'run',
1 verbose cli   'build' ]
2 info using npm@3.10.10
3 info using node@v6.11.2
4 verbose run-script [ 'prebuild', 'build', 'postbuild' ]
5 info lifecycle typed-rest-client@0.12.0~prebuild: typed-rest-client@0.12.0
6 silly lifecycle typed-rest-client@0.12.0~prebuild: no script for prebuild, continuing
7 info lifecycle typed-rest-client@0.12.0~build: typed-rest-client@0.12.0
8 verbose lifecycle typed-rest-client@0.12.0~build: unsafe-perm in lifecycle true
9 verbose lifecycle typed-rest-client@0.12.0~build: PATH: C:\Program Files\nodejs\node_modules\npm\bin\node-gyp-bin;E:\github\typed-rest-client\node_modules\.bin;C:\Program Files\Docker\Docker\Resources\bin;C:\Program Files\Common Files\Microsoft Shared\Microsoft Online Services;C:\Program Files (x86)\Common Files\Microsoft Shared\Microsoft Online Services;C:\windows\system32;C:\windows;C:\windows\System32\Wbem;C:\windows\System32\WindowsPowerShell\v1.0\;C:\Program Files\Microsoft SQL Server\130\Tools\Binn\;C:\Program Files\dotnet\;C:\Program Files (x86)\Microsoft SQL Server\130\DTS\Binn\;C:\Program Files\Microsoft SQL Server\130\DTS\Binn\;C:\Program Files\Microsoft SQL Server\Client SDK\ODBC\130\Tools\Binn\;C:\Program Files (x86)\Microsoft SQL Server\130\Tools\Binn\;C:\Program Files (x86)\Microsoft SQL Server\Client SDK\ODBC\130\Tools\Binn\;C:\Program Files (x86)\Microsoft SQL Server\140\Tools\Binn\;C:\Program Files (x86)\Microsoft SQL Server\140\DTS\Binn\;C:\Program Files (x86)\Microsoft SQL Server\140\Tools\Binn\ManagementStudio\;C:\Program Files\Git\cmd;C:\Program Files\CMake\bin;C:\Program Files\nodejs\;C:\Users\stfrance\AppData\Local\Microsoft\WindowsApps;C:\Program Files (x86)\Microsoft VS Code\bin;C:\Users\stfrance\AppData\Local\Programs\Fiddler;C:\Windows\Microsoft.NET\Framework\v4.0.30319;C:\Users\stfrance\AppData\Roaming\npm;C:\Program Files (x86)\Microsoft SDKs\Windows\v10.0A\bin\NETFX 4.6.1 Tools;
10 verbose lifecycle typed-rest-client@0.12.0~build: CWD: E:\github\typed-rest-client
11 silly lifecycle typed-rest-client@0.12.0~build: Args: [ '/d /s /c', 'node make.js build' ]
12 silly lifecycle typed-rest-client@0.12.0~build: Returned: code: 1  signal: null
13 info lifecycle typed-rest-client@0.12.0~build: Failed to exec build script
14 verbose stack Error: typed-rest-client@0.12.0 build: `node make.js build`
14 verbose stack Exit status 1
14 verbose stack     at EventEmitter.<anonymous> (C:\Program Files\nodejs\node_modules\npm\lib\utils\lifecycle.js:255:16)
14 verbose stack     at emitTwo (events.js:106:13)
14 verbose stack     at EventEmitter.emit (events.js:191:7)
14 verbose stack     at ChildProcess.<anonymous> (C:\Program Files\nodejs\node_modules\npm\lib\utils\spawn.js:40:14)
14 verbose stack     at emitTwo (events.js:106:13)
14 verbose stack     at ChildProcess.emit (events.js:191:7)
14 verbose stack     at maybeClose (internal/child_process.js:891:16)
14 verbose stack     at Process.ChildProcess._handle.onexit (internal/child_process.js:226:5)
15 verbose pkgid typed-rest-client@0.12.0
16 verbose cwd E:\github\typed-rest-client
17 error Windows_NT 10.0.15063
18 error argv "C:\\Program Files\\nodejs\\node.exe" "C:\\Program Files\\nodejs\\node_modules\\npm\\bin\\npm-cli.js" "run" "build"
19 error node v6.11.2
20 error npm  v3.10.10
21 error code ELIFECYCLE
22 error typed-rest-client@0.12.0 build: `node make.js build`
22 error Exit status 1
23 error Failed at the typed-rest-client@0.12.0 build script 'node make.js build'.
23 error Make sure you have the latest version of node.js and npm installed.
23 error If you do, this is most likely a problem with the typed-rest-client package,
23 error not with npm itself.
23 error Tell the author that this fails on your system:
23 error     node make.js build
23 error You can get information on how to open an issue for this project with:
23 error     npm bugs typed-rest-client
23 error Or if that isn't available, you can get their info via:
23 error     npm owner ls typed-rest-client
23 error There is likely additional logging output above.
24 verbose exit [ 1, true ]
